2023-01-25 0:18:18 - MOD: Modification Default
FILE: system/engine/action.php
REGEX: ~(require|include)(_once)?\(([^)]+)~
LINE: 39
FILE: system/engine/loader.php
REGEX: ~(require|include)(_once)?\(([^)]+)~
LINE: 20
LINE: 59
LINE: 80
LINE: 99
FILE: system/library/config.php
REGEX: ~(require|include)(_once)?\(([^)]+)~
LINE: 23
FILE: system/library/language.php
REGEX: ~(require|include)(_once)?\(([^)]+)~
LINE: 25
LINE: 31
----------------------------------------------------------------
MOD: SeoPro for Opencart v2.x
FILE: admin/controller/catalog/product.php
CODE: $data['entry_recurring'] = $this->language->get('entry_recurring');
LINE: 595
CODE: $this->load->model('catalog/category');
LINE: 1038
NOT FOUND!
FILE: admin/controller/setting/setting.php
CODE: $data['entry_seo_url'] = $this->language->get('entry_seo_url');
LINE: 160
CODE: $data['help_seo_url'] = $this->language->get('help_seo_url');
LINE: 225
CODE: $data['config_seo_url'] = $this->config->get('config_seo_url');
LINE: 1287
FILE: admin/language/english/catalog/product.php
CODE: $_['entry_recurring']        = 'Recurring Profile';
LINE: 81
FILE: admin/language/russian/catalog/product.php
CODE: $_['entry_recurring']
NOT FOUND!
FILE: admin/language/english/setting/setting.php
CODE: $_['text_smtp']                        = 'SMTP';
LINE: 27
CODE: $_['entry_seo_url']                    = 'Use SEO URLs';
LINE: 133
CODE: $_['help_seo_url']
LINE: 203
FILE: admin/language/russian/setting/setting.php
CODE: $_['text_smtp']
NOT FOUND!
CODE: $_['entry_seo_url']
NOT FOUND!
CODE: $_['help_seo_url']
NOT FOUND!
FILE: admin/model/catalog/category.php
CODE: public function getTotalCategoriesByLayoutId($layout_id)
LINE: 340
FILE: admin/model/catalog/product.php
CODE: if (isset($data['product_category'])
LINE: 82
CODE: if (isset($data['product_category']))
LINE: 231
CODE: return $product_layout_data;
LINE: 608
FILE: admin/model/openbay/openbay.php
CODE: curl_setopt($curl, CURLOPT_RETURNTRANSFER, true)
LINE: 1033
FILE: admin/view/template/catalog/product_form.tpl
CODE: <input type="hidden" name="manufacturer_id" value="<?php echo $manufacturer_id; ?>" />
LINE: 348
FILE: admin/view/template/setting/setting.tpl
CODE: <input type="radio" name="config_seo_url" value="0" />
LINE: 1445
FILE: catalog/controller/common/header.php
CODE: $data['name'] = $this->config->get('config_name');
LINE: 38
CODE: return $this->load->view('default/template/common/header.tpl', $data);
LINE: 194
FILE: catalog/controller/common/home.php
CODE: $this->document->addLink(HTTP_SERVER, 'canonical');
LINE: 8
FILE: catalog/controller/common/language.php
CODE: $data['redirect'] = $this->url->link('common/home');
LINE: 28
CODE: $data['redirect'] = $this->url->link($route, $url, $this->request->server['HTTPS']);
LINE: 46
NOT FOUND!
FILE: catalog/view/theme/default/template/common/header.tpl
CODE: <script src="catalog/view/javascript/jquery/jquery-2.1.1.min.js" type="text/javascript"></script>
LINE: 22
FILE: catalog/view/theme/default/template/common/language.tpl
CODE: <input type="hidden" name="redirect" value="<?php echo $redirect; ?>" />
LINE: 18
NOT FOUND!
CODE: $this->response->setOutput($this->load->view('default/template/common/home.tpl', $data));
LINE: 48
----------------------------------------------------------------
